Running: C:\Xilinx\14.5\ISE_DS\ISE\bin\nt64\unwrapped\fuse.exe -intstyle ise -incremental -lib secureip -o D:/first tearm/archi/archiProject/ALUTest_isim_beh.exe -prj D:/first tearm/archi/archiProject/ALUTest_beh.prj work.ALUTest 
ISim P.58f (signature 0x7708f090)
Number of CPUs detected in this system: 4
Turning on mult-threading, number of parallel sub-compilation jobs: 8 
Determining compilation order of HDL files
Parsing VHDL file "D:/first tearm/archi/archiProject/onebit_package.vhd" into library work
Parsing VHDL file "D:/first tearm/archi/archiProject/onebit_alu.vhd" into library work
Parsing VHDL file "D:/first tearm/archi/archiProject/alu_circuit.vhd" into library work
Parsing VHDL file "D:/first tearm/archi/archiProject/ALUTest.vhd" into library work
Starting static elaboration
Completed static elaboration
Compiling package standard
Compiling package std_logic_1164
Compiling package std_logic_arith
Compiling package std_logic_unsigned
Compiling package onebit_package
Compiling architecture behavioral of entity onebit_alu [onebit_alu_default]
Compiling architecture behavioral of entity ALU [alu_default]
Compiling architecture behavior of entity alutest
Time Resolution for simulation is 1ps.
Compiled 10 VHDL Units
Built simulation executable D:/first tearm/archi/archiProject/ALUTest_isim_beh.exe
Fuse Memory Usage: 34204 KB
Fuse CPU Usage: 1578 ms
